<?xml version="1.0" encoding="UTF-8"?>
<!-- Generated by org.testng.reporters.JUnitXMLReporter -->
<testsuite hostname="LENOVO-PC" ignored="2" name="Test=1" tests="4" failures="0" timestamp="21 Jan 2022 10:25:04 GMT" time="405.444" errors="0">
  <testcase name="@BeforeClass ConfigBC" time="135.674" classname="Generic.BaseClassAnnotations">
    <failure type="org.openqa.selenium.TimeoutException" message="No connection could be made because the target machine actively refused it. (os error 10061)
Build info: version: &amp;apos;3.141.59&amp;apos;, revision: &amp;apos;e82be7d358&amp;apos;, time: &amp;apos;2018-11-14T08:17:03&amp;apos;
System info: host: &amp;apos;LENOVO-PC&amp;apos;, ip: &amp;apos;127.0.0.1&amp;apos;, os.name: &amp;apos;Windows 10&amp;apos;, os.arch: &amp;apos;amd64&amp;apos;, os.version: &amp;apos;10.0&amp;apos;, java.version: &amp;apos;1.8.0_291&amp;apos;
Driver info: driver.version: FirefoxDriver
remote stacktrace: ">
      <![CDATA[org.openqa.selenium.TimeoutException: No connection could be made because the target machine actively refused it. (os error 10061)
Build info: version: '3.141.59', revision: 'e82be7d358', time: '2018-11-14T08:17:03'
System info: host: 'LENOVO-PC', ip: '127.0.0.1', os.name: 'Windows 10', os.arch: 'amd64', os.version: '10.0', java.version: '1.8.0_291'
Driver info: driver.version: FirefoxDriver
remote stacktrace: 
at org.openqa.selenium.remote.W3CHandshakeResponse.lambda$errorHandler$0(W3CHandshakeResponse.java:62)
at org.openqa.selenium.remote.HandshakeResponse.lambda$getResponseFunction$0(HandshakeResponse.java:30)
at org.openqa.selenium.remote.ProtocolHandshake.lambda$createSession$0(ProtocolHandshake.java:126)
at java.util.stream.ReferencePipeline$3$1.accept(Unknown Source)
at java.util.Spliterators$ArraySpliterator.tryAdvance(Unknown Source)
at java.util.stream.ReferencePipeline.forEachWithCancel(Unknown Source)
at java.util.stream.AbstractPipeline.copyIntoWithCancel(Unknown Source)
at java.util.stream.AbstractPipeline.copyInto(Unknown Source)
at java.util.stream.AbstractPipeline.wrapAndCopyInto(Unknown Source)
at java.util.stream.FindOps$FindOp.evaluateSequential(Unknown Source)
at java.util.stream.AbstractPipeline.evaluate(Unknown Source)
at java.util.stream.ReferencePipeline.findFirst(Unknown Source)
at org.openqa.selenium.remote.ProtocolHandshake.createSession(ProtocolHandshake.java:128)
at org.openqa.selenium.remote.ProtocolHandshake.createSession(ProtocolHandshake.java:74)
at org.openqa.selenium.remote.HttpCommandExecutor.execute(HttpCommandExecutor.java:136)
at org.openqa.selenium.remote.service.DriverCommandExecutor.execute(DriverCommandExecutor.java:83)
at org.openqa.selenium.remote.RemoteWebDriver.execute(RemoteWebDriver.java:552)
at org.openqa.selenium.remote.RemoteWebDriver.startSession(RemoteWebDriver.java:213)
at org.openqa.selenium.remote.RemoteWebDriver.<init>(RemoteWebDriver.java:131)
at org.openqa.selenium.firefox.FirefoxDriver.<init>(FirefoxDriver.java:147)
at org.openqa.selenium.firefox.FirefoxDriver.<init>(FirefoxDriver.java:125)
at Generic.BaseClassAnnotations.ConfigBC(BaseClassAnnotations.java:45)
at java.util.concurrent.FutureTask.run(Unknown Source)
at java.util.concurrent.ThreadPoolExecutor.runWorker(Unknown Source)
at java.util.concurrent.ThreadPoolExecutor$Worker.run(Unknown Source)
at java.lang.Thread.run(Unknown Source)
... Removed 21 stack frames]]>
    </failure>
  </testcase> <!-- @BeforeClass ConfigBC -->
  <testcase name="@BeforeMethod ConfigBM" time="0.0" classname="Generic.BaseClassAnnotations">
    <skipped/>
  </testcase> <!-- @BeforeMethod ConfigBM -->
  <testcase name="@AfterMethod ConfigAM" time="0.0" classname="Generic.BaseClassAnnotations">
    <skipped/>
  </testcase> <!-- @AfterMethod ConfigAM -->
  <testcase name="@BeforeMethod ConfigBM" time="0.0" classname="Generic.BaseClassAnnotations">
    <skipped/>
  </testcase> <!-- @BeforeMethod ConfigBM -->
  <testcase name="@AfterMethod ConfigAM" time="0.0" classname="Generic.BaseClassAnnotations">
    <skipped/>
  </testcase> <!-- @AfterMethod ConfigAM -->
  <testcase name="@AfterClass ConfigAC" time="0.0" classname="Generic.BaseClassAnnotations">
    <skipped/>
  </testcase> <!-- @AfterClass ConfigAC -->
  <testcase name="CreateOragnizationWithIndustry" time="90.285" classname="Vtiger_Organization.CreateOrganization"/>
  <testcase name="CreateOrganizationTest" time="75.136" classname="Vtiger_Organization.CreateOrganization"/>
  <testcase name="CreateContactWithOrganizationByPOM" time="74.972" classname="Vtiger_contact.CreateContact"/>
  <testcase name="CreateNewContactsByPOM" time="28.039" classname="Vtiger_contact.CreateContact"/>
  <testcase name="@BeforeSuite configuBS" time="0.0" classname="Generic.BaseClassAnnotations">
    <ignored/>
  </testcase> <!-- @BeforeSuite configuBS -->
  <testcase name="@AfterSuite ConfigAS" time="0.0" classname="Generic.BaseClassAnnotations">
    <ignored/>
  </testcase> <!-- @AfterSuite ConfigAS -->
</testsuite> <!-- Test=1 -->
